current directory: /home/martin/src/charnwood-eco-hub/.bundle/ruby/3.4.0/gems/json-2.9.1/ext/json/ext/parser
/usr/bin/ruby extconf.rb
checking for rb_enc_interned_str() in ruby.h... yes
checking for rb_hash_new_capa() in ruby.h... yes
checking for rb_hash_bulk_insert() in ruby.h... yes
checking for rb_category_warn() in ruby.h... yes
checking for strnlen() in string.h... yes
checking for whether -std=c99 is accepted as CFLAGS... yes
creating Makefile

current directory: /home/martin/src/charnwood-eco-hub/.bundle/ruby/3.4.0/gems/json-2.9.1/ext/json/ext/parser
make DESTDIR\= sitearchdir\=./.gem.20260122-149887-h5e9qs sitelibdir\=./.gem.20260122-149887-h5e9qs clean

current directory: /home/martin/src/charnwood-eco-hub/.bundle/ruby/3.4.0/gems/json-2.9.1/ext/json/ext/parser
make DESTDIR\= sitearchdir\=./.gem.20260122-149887-h5e9qs sitelibdir\=./.gem.20260122-149887-h5e9qs
compiling parser.c
linking shared-object json/ext/parser.so

current directory: /home/martin/src/charnwood-eco-hub/.bundle/ruby/3.4.0/gems/json-2.9.1/ext/json/ext/parser
make DESTDIR\= sitearchdir\=./.gem.20260122-149887-h5e9qs sitelibdir\=./.gem.20260122-149887-h5e9qs install
/usr/bin/install -c -m 0755 parser.so ./.gem.20260122-149887-h5e9qs/json/ext

current directory: /home/martin/src/charnwood-eco-hub/.bundle/ruby/3.4.0/gems/json-2.9.1/ext/json/ext/parser
make DESTDIR\= sitearchdir\=./.gem.20260122-149887-h5e9qs sitelibdir\=./.gem.20260122-149887-h5e9qs clean
